[ 2026-04-02 00:39:19,791 ] 1025 httpx - INFO - HTTP Request: GET https://dagshub.com/api/v1/user "HTTP/1.1 200 OK"
[ 2026-04-02 00:39:19,999 ] 107 dagshub - INFO - Accessing as tewarideepanshu804
[ 2026-04-02 00:39:21,257 ] 1025 httpx - INFO - HTTP Request: GET https://dagshub.com/api/v1/repos/tewarideepanshu804/NETWORK_SECURITY_SYSTEM "HTTP/1.1 200 OK"
[ 2026-04-02 00:39:22,364 ] 1025 httpx - INFO - HTTP Request: GET https://dagshub.com/api/v1/user "HTTP/1.1 200 OK"
[ 2026-04-02 00:39:22,368 ] 107 dagshub - INFO - Initialized MLflow to track repo "tewarideepanshu804/NETWORK_SECURITY_SYSTEM"
[ 2026-04-02 00:39:22,368 ] 107 dagshub - INFO - Repository tewarideepanshu804/NETWORK_SECURITY_SYSTEM initialized!
[ 2026-04-02 00:40:15,346 ] 42 root - INFO - Start data Ingestion
[ 2026-04-02 00:40:20,628 ] 65 root - INFO - Performed train test split on the dataframe
[ 2026-04-02 00:40:20,628 ] 67 root - INFO - Exited split_data_as_train_test method of Data_Ingestion class
[ 2026-04-02 00:40:20,628 ] 75 root - INFO - Exporting train and test file path.
[ 2026-04-02 00:40:20,746 ] 84 root - INFO - Exported train and test file path.
[ 2026-04-02 00:40:20,746 ] 45 root - INFO - Data Ingestion completed and artifact: DataIngestionArtifact(trained_file_path='Artifacts\\04_02_2026_00_38_34\\data_ingestion\\ingested\\train.csv', test_file_path='Artifacts\\04_02_2026_00_38_34\\data_ingestion\\ingested\\test.csv')
[ 2026-04-02 00:40:20,784 ] 55 root - INFO - Initiate the data Validation
[ 2026-04-02 00:40:20,964 ] 32 root - INFO - Required number of columns:2
[ 2026-04-02 00:40:20,964 ] 33 root - INFO - Data frame has columns:31
[ 2026-04-02 00:40:20,964 ] 32 root - INFO - Required number of columns:2
[ 2026-04-02 00:40:20,964 ] 33 root - INFO - Data frame has columns:31
[ 2026-04-02 00:40:21,352 ] 63 root - INFO - Entered initiate_data_transformation method of DataTransformation class
[ 2026-04-02 00:40:21,352 ] 65 root - INFO - Starting data transformation
[ 2026-04-02 00:40:21,383 ] 48 root - INFO - Entered get_data_trnasformer_object method of Trnasformation class
[ 2026-04-02 00:40:21,383 ] 53 root - INFO - Initialise KNNImputer with {'missing_values': nan, 'n_neighbors': 3, 'weights': 'uniform'}
[ 2026-04-02 00:40:21,403 ] 46 root - INFO - Entered the save_object method of MainUtils class
[ 2026-04-02 00:40:21,413 ] 50 root - INFO - Exited the save_object method of MainUtils class
[ 2026-04-02 00:40:21,413 ] 46 root - INFO - Entered the save_object method of MainUtils class
[ 2026-04-02 00:40:21,422 ] 50 root - INFO - Exited the save_object method of MainUtils class
[ 2026-04-02 00:52:36,646 ] 46 root - INFO - Entered the save_object method of MainUtils class
[ 2026-04-02 00:52:36,709 ] 50 root - INFO - Exited the save_object method of MainUtils class
[ 2026-04-02 00:52:36,709 ] 46 root - INFO - Entered the save_object method of MainUtils class
[ 2026-04-02 00:52:36,712 ] 50 root - INFO - Exited the save_object method of MainUtils class
[ 2026-04-02 00:52:36,712 ] 158 root - INFO - Model trainer artifact: ModelTrainerArtifact(trained_model_file_path='Artifacts\\04_02_2026_00_38_34\\model_trainer\\trained_model\\model.pkl', train_metric_artifact=ClassificationMetricArtifact(f1_score=0.9909617142276835, precision_score=0.9892538523925385, recall_score=0.992675483214649), test_metric_artifact=ClassificationMetricArtifact(f1_score=0.9759615384615384, precision_score=0.9712918660287081, recall_score=0.9806763285024155))
