[ 2026-04-01 23:55:19,431 ] 1025 httpx - INFO - HTTP Request: GET https://dagshub.com/api/v1/user "HTTP/1.1 200 OK"
[ 2026-04-01 23:55:19,437 ] 107 dagshub - INFO - Accessing as tewarideepanshu804
[ 2026-04-01 23:55:20,643 ] 1025 httpx - INFO - HTTP Request: GET https://dagshub.com/api/v1/repos/tewarideepanshu804/NETWORK_SECURITY_SYSTEM "HTTP/1.1 200 OK"
[ 2026-04-01 23:55:21,801 ] 1025 httpx - INFO - HTTP Request: GET https://dagshub.com/api/v1/user "HTTP/1.1 200 OK"
[ 2026-04-01 23:55:21,801 ] 107 dagshub - INFO - Initialized MLflow to track repo "tewarideepanshu804/NETWORK_SECURITY_SYSTEM"
[ 2026-04-01 23:55:21,801 ] 107 dagshub - INFO - Repository tewarideepanshu804/NETWORK_SECURITY_SYSTEM initialized!
[ 2026-04-01 23:56:25,428 ] 42 root - INFO - Start data Ingestion
[ 2026-04-01 23:56:32,077 ] 65 root - INFO - Performed train test split on the dataframe
[ 2026-04-01 23:56:32,077 ] 67 root - INFO - Exited split_data_as_train_test method of Data_Ingestion class
[ 2026-04-01 23:56:32,077 ] 75 root - INFO - Exporting train and test file path.
[ 2026-04-01 23:56:32,187 ] 84 root - INFO - Exported train and test file path.
[ 2026-04-01 23:56:32,187 ] 45 root - INFO - Data Ingestion completed and artifact: DataIngestionArtifact(trained_file_path='Artifacts\\04_01_2026_23_54_44\\data_ingestion\\ingested\\train.csv', test_file_path='Artifacts\\04_01_2026_23_54_44\\data_ingestion\\ingested\\test.csv')
[ 2026-04-01 23:56:32,264 ] 55 root - INFO - Initiate the data Validation
[ 2026-04-01 23:56:32,414 ] 32 root - INFO - Required number of columns:2
[ 2026-04-01 23:56:32,414 ] 33 root - INFO - Data frame has columns:31
[ 2026-04-01 23:56:32,414 ] 32 root - INFO - Required number of columns:2
[ 2026-04-01 23:56:32,414 ] 33 root - INFO - Data frame has columns:31
[ 2026-04-01 23:56:32,769 ] 63 root - INFO - Entered initiate_data_transformation method of DataTransformation class
[ 2026-04-01 23:56:32,769 ] 65 root - INFO - Starting data transformation
[ 2026-04-01 23:56:32,803 ] 48 root - INFO - Entered get_data_trnasformer_object method of Trnasformation class
[ 2026-04-01 23:56:32,803 ] 53 root - INFO - Initialise KNNImputer with {'missing_values': nan, 'n_neighbors': 3, 'weights': 'uniform'}
[ 2026-04-01 23:56:32,843 ] 46 root - INFO - Entered the save_object method of MainUtils class
[ 2026-04-01 23:56:32,853 ] 50 root - INFO - Exited the save_object method of MainUtils class
[ 2026-04-01 23:56:32,853 ] 46 root - INFO - Entered the save_object method of MainUtils class
[ 2026-04-01 23:56:32,868 ] 50 root - INFO - Exited the save_object method of MainUtils class
