[ 2026-03-31 23:47:38,436 ] 1025 httpx - INFO - HTTP Request: GET https://dagshub.com/api/v1/user "HTTP/1.1 200 OK"
[ 2026-03-31 23:47:38,446 ] 107 dagshub - INFO - Accessing as tewarideepanshu804
[ 2026-03-31 23:47:39,567 ] 1025 httpx - INFO - HTTP Request: GET https://dagshub.com/api/v1/repos/tewarideepanshu804/NETWORK_SECURITY_SYSTEM "HTTP/1.1 200 OK"
[ 2026-03-31 23:47:40,483 ] 1025 httpx - INFO - HTTP Request: GET https://dagshub.com/api/v1/user "HTTP/1.1 200 OK"
[ 2026-03-31 23:47:40,486 ] 107 dagshub - INFO - Initialized MLflow to track repo "tewarideepanshu804/NETWORK_SECURITY_SYSTEM"
[ 2026-03-31 23:47:40,486 ] 107 dagshub - INFO - Repository tewarideepanshu804/NETWORK_SECURITY_SYSTEM initialized!
[ 2026-03-31 23:47:40,618 ] 22 root - INFO - Initiate the data ingestion
[ 2026-03-31 23:47:48,036 ] 65 root - INFO - Performed train test split on the dataframe
[ 2026-03-31 23:47:48,036 ] 67 root - INFO - Exited split_data_as_train_test method of Data_Ingestion class
[ 2026-03-31 23:47:48,036 ] 75 root - INFO - Exporting train and test file path.
[ 2026-03-31 23:47:48,168 ] 84 root - INFO - Exported train and test file path.
[ 2026-03-31 23:47:48,172 ] 25 root - INFO - Data Initiation Completed
[ 2026-03-31 23:47:48,546 ] 30 root - INFO - Initiate the data Validation
[ 2026-03-31 23:47:48,971 ] 32 root - INFO - Required number of columns:2
[ 2026-03-31 23:47:48,973 ] 33 root - INFO - Data frame has columns:31
[ 2026-03-31 23:47:48,973 ] 32 root - INFO - Required number of columns:2
[ 2026-03-31 23:47:48,973 ] 33 root - INFO - Data frame has columns:31
[ 2026-03-31 23:47:50,329 ] 32 root - INFO - data Validation Completed
[ 2026-03-31 23:47:50,330 ] 37 root - INFO - data Transformation started
[ 2026-03-31 23:47:50,330 ] 63 root - INFO - Entered initiate_data_transformation method of DataTransformation class
[ 2026-03-31 23:47:50,330 ] 65 root - INFO - Starting data transformation
[ 2026-03-31 23:47:50,376 ] 48 root - INFO - Entered get_data_trnasformer_object method of Trnasformation class
[ 2026-03-31 23:47:50,376 ] 53 root - INFO - Initialise KNNImputer with {'missing_values': nan, 'n_neighbors': 3, 'weights': 'uniform'}
[ 2026-03-31 23:47:50,401 ] 46 root - INFO - Entered the save_object method of MainUtils class
[ 2026-03-31 23:47:50,406 ] 50 root - INFO - Exited the save_object method of MainUtils class
[ 2026-03-31 23:47:50,408 ] 46 root - INFO - Entered the save_object method of MainUtils class
[ 2026-03-31 23:47:50,428 ] 50 root - INFO - Exited the save_object method of MainUtils class
[ 2026-03-31 23:47:50,430 ] 42 root - INFO - data Transformation completed
[ 2026-03-31 23:47:50,430 ] 44 root - INFO - Model Training sstared
[ 2026-04-01 00:00:52,248 ] 46 root - INFO - Entered the save_object method of MainUtils class
[ 2026-04-01 00:00:52,293 ] 50 root - INFO - Exited the save_object method of MainUtils class
[ 2026-04-01 00:00:52,293 ] 46 root - INFO - Entered the save_object method of MainUtils class
[ 2026-04-01 00:00:52,325 ] 50 root - INFO - Exited the save_object method of MainUtils class
[ 2026-04-01 00:00:52,325 ] 158 root - INFO - Model trainer artifact: ModelTrainerArtifact(trained_model_file_path='Artifacts\\03_31_2026_23_47_05\\model_trainer\\trained_model\\model.pkl', train_metric_artifact=ClassificationMetricArtifact(f1_score=0.9911342097217977, precision_score=0.9884146341463415, recall_score=0.9938687921520539), test_metric_artifact=ClassificationMetricArtifact(f1_score=0.9765258215962441, precision_score=0.9659442724458205, recall_score=0.9873417721518988))
[ 2026-04-01 00:00:52,327 ] 49 root - INFO - Model Training artifact created
