[ 2026-04-01 14:31:16,419 ] 1025 httpx - INFO - HTTP Request: GET https://dagshub.com/api/v1/user "HTTP/1.1 200 OK"
[ 2026-04-01 14:31:16,435 ] 107 dagshub - INFO - Accessing as tewarideepanshu804
[ 2026-04-01 14:31:18,470 ] 1025 httpx - INFO - HTTP Request: GET https://dagshub.com/api/v1/repos/tewarideepanshu804/NETWORK_SECURITY_SYSTEM "HTTP/1.1 200 OK"
[ 2026-04-01 14:31:20,693 ] 1025 httpx - INFO - HTTP Request: GET https://dagshub.com/api/v1/user "HTTP/1.1 200 OK"
[ 2026-04-01 14:31:20,702 ] 107 dagshub - INFO - Initialized MLflow to track repo "tewarideepanshu804/NETWORK_SECURITY_SYSTEM"
[ 2026-04-01 14:31:20,702 ] 107 dagshub - INFO - Repository tewarideepanshu804/NETWORK_SECURITY_SYSTEM initialized!
[ 2026-04-01 14:31:20,702 ] 22 root - INFO - Initiate the data ingestion
[ 2026-04-01 14:31:48,629 ] 65 root - INFO - Performed train test split on the dataframe
[ 2026-04-01 14:31:48,629 ] 67 root - INFO - Exited split_data_as_train_test method of Data_Ingestion class
[ 2026-04-01 14:31:48,629 ] 75 root - INFO - Exporting train and test file path.
[ 2026-04-01 14:31:48,796 ] 84 root - INFO - Exported train and test file path.
[ 2026-04-01 14:31:48,801 ] 25 root - INFO - Data Initiation Completed
[ 2026-04-01 14:31:48,839 ] 30 root - INFO - Initiate the data Validation
[ 2026-04-01 14:31:49,438 ] 32 root - INFO - Required number of columns:2
[ 2026-04-01 14:31:49,438 ] 33 root - INFO - Data frame has columns:31
[ 2026-04-01 14:31:49,438 ] 32 root - INFO - Required number of columns:2
[ 2026-04-01 14:31:49,438 ] 33 root - INFO - Data frame has columns:31
[ 2026-04-01 14:31:49,957 ] 32 root - INFO - data Validation Completed
[ 2026-04-01 14:31:49,961 ] 37 root - INFO - data Transformation started
[ 2026-04-01 14:31:49,961 ] 63 root - INFO - Entered initiate_data_transformation method of DataTransformation class
[ 2026-04-01 14:31:49,961 ] 65 root - INFO - Starting data transformation
[ 2026-04-01 14:31:50,019 ] 48 root - INFO - Entered get_data_trnasformer_object method of Trnasformation class
[ 2026-04-01 14:31:50,019 ] 53 root - INFO - Initialise KNNImputer with {'missing_values': nan, 'n_neighbors': 3, 'weights': 'uniform'}
[ 2026-04-01 14:31:50,056 ] 46 root - INFO - Entered the save_object method of MainUtils class
[ 2026-04-01 14:31:50,063 ] 50 root - INFO - Exited the save_object method of MainUtils class
[ 2026-04-01 14:31:50,063 ] 46 root - INFO - Entered the save_object method of MainUtils class
[ 2026-04-01 14:31:50,068 ] 50 root - INFO - Exited the save_object method of MainUtils class
[ 2026-04-01 14:31:50,070 ] 42 root - INFO - data Transformation completed
[ 2026-04-01 14:31:50,070 ] 44 root - INFO - Model Training sstared
[ 2026-04-01 14:46:51,850 ] 868 urllib3.connectionpool - WARNING - Retrying (Retry(total=6, connect=7, read=7, redirect=7, status=7)) after connection broken by 'SSLEOFError(8, 'EOF occurred in violation of protocol (_ssl.c:2393)')': /tewarideepanshu804/NETWORK_SECURITY_SYSTEM.mlflow/api/2.0/mlflow-artifacts/artifacts/6f173743c22748dea9b6066f542f1cfd/models/m-524a754014064e3d8ba31cbbdb0c46f2/artifacts/model.pkl
[ 2026-04-01 14:46:56,676 ] 868 urllib3.connectionpool - WARNING - Retrying (Retry(total=5, connect=6, read=7, redirect=7, status=7)) after connection broken by 'NameResolutionError("HTTPSConnection(host='dagshub.com', port=443): Failed to resolve 'dagshub.com' ([Errno 11001] getaddrinfo failed)")': /tewarideepanshu804/NETWORK_SECURITY_SYSTEM.mlflow/api/2.0/mlflow-artifacts/artifacts/6f173743c22748dea9b6066f542f1cfd/models/m-524a754014064e3d8ba31cbbdb0c46f2/artifacts/model.pkl
[ 2026-04-01 14:47:05,176 ] 868 urllib3.connectionpool - WARNING - Retrying (Retry(total=4, connect=5, read=7, redirect=7, status=7)) after connection broken by 'NameResolutionError("HTTPSConnection(host='dagshub.com', port=443): Failed to resolve 'dagshub.com' ([Errno 11001] getaddrinfo failed)")': /tewarideepanshu804/NETWORK_SECURITY_SYSTEM.mlflow/api/2.0/mlflow-artifacts/artifacts/6f173743c22748dea9b6066f542f1cfd/models/m-524a754014064e3d8ba31cbbdb0c46f2/artifacts/model.pkl
[ 2026-04-01 14:47:21,617 ] 868 urllib3.connectionpool - WARNING - Retrying (Retry(total=3, connect=4, read=7, redirect=7, status=7)) after connection broken by 'NameResolutionError("HTTPSConnection(host='dagshub.com', port=443): Failed to resolve 'dagshub.com' ([Errno 11001] getaddrinfo failed)")': /tewarideepanshu804/NETWORK_SECURITY_SYSTEM.mlflow/api/2.0/mlflow-artifacts/artifacts/6f173743c22748dea9b6066f542f1cfd/models/m-524a754014064e3d8ba31cbbdb0c46f2/artifacts/model.pkl
[ 2026-04-01 14:47:54,035 ] 868 urllib3.connectionpool - WARNING - Retrying (Retry(total=2, connect=3, read=7, redirect=7, status=7)) after connection broken by 'NameResolutionError("HTTPSConnection(host='dagshub.com', port=443): Failed to resolve 'dagshub.com' ([Errno 11001] getaddrinfo failed)")': /tewarideepanshu804/NETWORK_SECURITY_SYSTEM.mlflow/api/2.0/mlflow-artifacts/artifacts/6f173743c22748dea9b6066f542f1cfd/models/m-524a754014064e3d8ba31cbbdb0c46f2/artifacts/model.pkl
[ 2026-04-01 14:48:58,533 ] 868 urllib3.connectionpool - WARNING - Retrying (Retry(total=1, connect=2, read=7, redirect=7, status=7)) after connection broken by 'NameResolutionError("HTTPSConnection(host='dagshub.com', port=443): Failed to resolve 'dagshub.com' ([Errno 11001] getaddrinfo failed)")': /tewarideepanshu804/NETWORK_SECURITY_SYSTEM.mlflow/api/2.0/mlflow-artifacts/artifacts/6f173743c22748dea9b6066f542f1cfd/models/m-524a754014064e3d8ba31cbbdb0c46f2/artifacts/model.pkl
[ 2026-04-01 17:07:59,266 ] 868 urllib3.connectionpool - WARNING - Retrying (Retry(total=0, connect=2, read=7, redirect=7, status=7)) after connection broken by 'SSLEOFError(8, 'EOF occurred in violation of protocol (_ssl.c:2393)')': /tewarideepanshu804/NETWORK_SECURITY_SYSTEM.mlflow/api/2.0/mlflow-artifacts/artifacts/6f173743c22748dea9b6066f542f1cfd/models/m-524a754014064e3d8ba31cbbdb0c46f2/artifacts/model.pkl
[ 2026-04-01 17:07:59,544 ] 868 urllib3.connectionpool - WARNING - Retrying (Retry(total=6, connect=6, read=7, redirect=7, status=7)) after connection broken by 'NameResolutionError("HTTPSConnection(host='dagshub.com', port=443): Failed to resolve 'dagshub.com' ([Errno 11001] getaddrinfo failed)")': /tewarideepanshu804/NETWORK_SECURITY_SYSTEM.mlflow/api/2.0/mlflow/logged-models/m-524a754014064e3d8ba31cbbdb0c46f2
[ 2026-04-01 17:08:03,569 ] 868 urllib3.connectionpool - WARNING - Retrying (Retry(total=5, connect=5, read=7, redirect=7, status=7)) after connection broken by 'NameResolutionError("HTTPSConnection(host='dagshub.com', port=443): Failed to resolve 'dagshub.com' ([Errno 11001] getaddrinfo failed)")': /tewarideepanshu804/NETWORK_SECURITY_SYSTEM.mlflow/api/2.0/mlflow/logged-models/m-524a754014064e3d8ba31cbbdb0c46f2
[ 2026-04-01 17:08:11,748 ] 868 urllib3.connectionpool - WARNING - Retrying (Retry(total=4, connect=4, read=7, redirect=7, status=7)) after connection broken by 'NameResolutionError("HTTPSConnection(host='dagshub.com', port=443): Failed to resolve 'dagshub.com' ([Errno 11001] getaddrinfo failed)")': /tewarideepanshu804/NETWORK_SECURITY_SYSTEM.mlflow/api/2.0/mlflow/logged-models/m-524a754014064e3d8ba31cbbdb0c46f2
[ 2026-04-01 17:08:28,196 ] 868 urllib3.connectionpool - WARNING - Retrying (Retry(total=3, connect=3, read=7, redirect=7, status=7)) after connection broken by 'NameResolutionError("HTTPSConnection(host='dagshub.com', port=443): Failed to resolve 'dagshub.com' ([Errno 11001] getaddrinfo failed)")': /tewarideepanshu804/NETWORK_SECURITY_SYSTEM.mlflow/api/2.0/mlflow/logged-models/m-524a754014064e3d8ba31cbbdb0c46f2
[ 2026-04-01 17:09:01,043 ] 868 urllib3.connectionpool - WARNING - Retrying (Retry(total=2, connect=2, read=7, redirect=7, status=7)) after connection broken by 'NameResolutionError("HTTPSConnection(host='dagshub.com', port=443): Failed to resolve 'dagshub.com' ([Errno 11001] getaddrinfo failed)")': /tewarideepanshu804/NETWORK_SECURITY_SYSTEM.mlflow/api/2.0/mlflow/logged-models/m-524a754014064e3d8ba31cbbdb0c46f2
[ 2026-04-01 17:10:05,720 ] 868 urllib3.connectionpool - WARNING - Retrying (Retry(total=1, connect=1, read=7, redirect=7, status=7)) after connection broken by 'NameResolutionError("HTTPSConnection(host='dagshub.com', port=443): Failed to resolve 'dagshub.com' ([Errno 11001] getaddrinfo failed)")': /tewarideepanshu804/NETWORK_SECURITY_SYSTEM.mlflow/api/2.0/mlflow/logged-models/m-524a754014064e3d8ba31cbbdb0c46f2
[ 2026-04-01 17:12:05,723 ] 868 urllib3.connectionpool - WARNING - Retrying (Retry(total=0, connect=0, read=7, redirect=7, status=7)) after connection broken by 'NameResolutionError("HTTPSConnection(host='dagshub.com', port=443): Failed to resolve 'dagshub.com' ([Errno 11001] getaddrinfo failed)")': /tewarideepanshu804/NETWORK_SECURITY_SYSTEM.mlflow/api/2.0/mlflow/logged-models/m-524a754014064e3d8ba31cbbdb0c46f2
