[ 2026-04-01 17:26:04,929 ] 1025 httpx - INFO - HTTP Request: GET https://dagshub.com/api/v1/user "HTTP/1.1 200 OK"
[ 2026-04-01 17:26:04,929 ] 107 dagshub - INFO - Accessing as tewarideepanshu804
[ 2026-04-01 17:26:06,047 ] 1025 httpx - INFO - HTTP Request: GET https://dagshub.com/api/v1/repos/tewarideepanshu804/NETWORK_SECURITY_SYSTEM "HTTP/1.1 200 OK"
[ 2026-04-01 17:26:07,292 ] 1025 httpx - INFO - HTTP Request: GET https://dagshub.com/api/v1/user "HTTP/1.1 200 OK"
[ 2026-04-01 17:26:07,299 ] 107 dagshub - INFO - Initialized MLflow to track repo "tewarideepanshu804/NETWORK_SECURITY_SYSTEM"
[ 2026-04-01 17:26:07,299 ] 107 dagshub - INFO - Repository tewarideepanshu804/NETWORK_SECURITY_SYSTEM initialized!
[ 2026-04-01 17:26:07,299 ] 22 root - INFO - Initiate the data ingestion
[ 2026-04-01 17:26:13,451 ] 65 root - INFO - Performed train test split on the dataframe
[ 2026-04-01 17:26:13,451 ] 67 root - INFO - Exited split_data_as_train_test method of Data_Ingestion class
[ 2026-04-01 17:26:13,451 ] 75 root - INFO - Exporting train and test file path.
[ 2026-04-01 17:26:13,573 ] 84 root - INFO - Exported train and test file path.
[ 2026-04-01 17:26:13,575 ] 25 root - INFO - Data Initiation Completed
[ 2026-04-01 17:26:13,686 ] 30 root - INFO - Initiate the data Validation
[ 2026-04-01 17:26:13,892 ] 32 root - INFO - Required number of columns:2
[ 2026-04-01 17:26:13,892 ] 33 root - INFO - Data frame has columns:31
[ 2026-04-01 17:26:13,892 ] 32 root - INFO - Required number of columns:2
[ 2026-04-01 17:26:13,892 ] 33 root - INFO - Data frame has columns:31
[ 2026-04-01 17:26:14,270 ] 32 root - INFO - data Validation Completed
[ 2026-04-01 17:26:14,273 ] 37 root - INFO - data Transformation started
[ 2026-04-01 17:26:14,273 ] 63 root - INFO - Entered initiate_data_transformation method of DataTransformation class
[ 2026-04-01 17:26:14,273 ] 65 root - INFO - Starting data transformation
[ 2026-04-01 17:26:14,330 ] 48 root - INFO - Entered get_data_trnasformer_object method of Trnasformation class
[ 2026-04-01 17:26:14,330 ] 53 root - INFO - Initialise KNNImputer with {'missing_values': nan, 'n_neighbors': 3, 'weights': 'uniform'}
[ 2026-04-01 17:26:14,362 ] 46 root - INFO - Entered the save_object method of MainUtils class
[ 2026-04-01 17:26:14,369 ] 50 root - INFO - Exited the save_object method of MainUtils class
[ 2026-04-01 17:26:14,369 ] 46 root - INFO - Entered the save_object method of MainUtils class
[ 2026-04-01 17:26:14,370 ] 50 root - INFO - Exited the save_object method of MainUtils class
[ 2026-04-01 17:26:14,374 ] 42 root - INFO - data Transformation completed
[ 2026-04-01 17:26:14,374 ] 44 root - INFO - Model Training sstared
[ 2026-04-01 17:41:59,668 ] 46 root - INFO - Entered the save_object method of MainUtils class
[ 2026-04-01 17:41:59,751 ] 50 root - INFO - Exited the save_object method of MainUtils class
[ 2026-04-01 17:41:59,752 ] 46 root - INFO - Entered the save_object method of MainUtils class
[ 2026-04-01 17:41:59,803 ] 50 root - INFO - Exited the save_object method of MainUtils class
[ 2026-04-01 17:41:59,803 ] 158 root - INFO - Model trainer artifact: ModelTrainerArtifact(trained_model_file_path='Artifacts\\04_01_2026_17_25_48\\model_trainer\\trained_model\\model.pkl', train_metric_artifact=ClassificationMetricArtifact(f1_score=0.9911147011308562, precision_score=0.9891172914147521, recall_score=0.9931201942533388), test_metric_artifact=ClassificationMetricArtifact(f1_score=0.9753896636587367, precision_score=0.9721995094031071, recall_score=0.9786008230452675))
[ 2026-04-01 17:41:59,807 ] 49 root - INFO - Model Training artifact created
