[ 2026-03-31 22:48:31,851 ] 1025 httpx - INFO - HTTP Request: GET https://dagshub.com/api/v1/user "HTTP/1.1 200 OK"
[ 2026-03-31 22:48:31,859 ] 107 dagshub - INFO - Accessing as tewarideepanshu804
[ 2026-03-31 22:48:32,870 ] 1025 httpx - INFO - HTTP Request: GET https://dagshub.com/api/v1/repos/tewarideepanshu804/NETWORK_SECURITY_SYSTEM "HTTP/1.1 200 OK"
[ 2026-03-31 22:48:33,788 ] 1025 httpx - INFO - HTTP Request: GET https://dagshub.com/api/v1/user "HTTP/1.1 200 OK"
[ 2026-03-31 22:48:33,788 ] 107 dagshub - INFO - Initialized MLflow to track repo "tewarideepanshu804/NETWORK_SECURITY_SYSTEM"
[ 2026-03-31 22:48:33,788 ] 107 dagshub - INFO - Repository tewarideepanshu804/NETWORK_SECURITY_SYSTEM initialized!
[ 2026-03-31 22:48:33,805 ] 22 root - INFO - Initiate the data ingestion
[ 2026-03-31 22:48:36,479 ] 65 root - INFO - Performed train test split on the dataframe
[ 2026-03-31 22:48:36,479 ] 67 root - INFO - Exited split_data_as_train_test method of Data_Ingestion class
[ 2026-03-31 22:48:36,511 ] 75 root - INFO - Exporting train and test file path.
[ 2026-03-31 22:48:36,587 ] 84 root - INFO - Exported train and test file path.
[ 2026-03-31 22:48:36,587 ] 25 root - INFO - Data Initiation Completed
[ 2026-03-31 22:48:36,632 ] 30 root - INFO - Initiate the data Validation
[ 2026-03-31 22:48:36,758 ] 32 root - INFO - Required number of columns:2
[ 2026-03-31 22:48:36,758 ] 33 root - INFO - Data frame has columns:31
[ 2026-03-31 22:48:36,758 ] 32 root - INFO - Required number of columns:2
[ 2026-03-31 22:48:36,758 ] 33 root - INFO - Data frame has columns:31
[ 2026-03-31 22:48:37,106 ] 32 root - INFO - data Validation Completed
[ 2026-03-31 22:48:37,106 ] 37 root - INFO - data Transformation started
[ 2026-03-31 22:48:37,106 ] 63 root - INFO - Entered initiate_data_transformation method of DataTransformation class
[ 2026-03-31 22:48:37,106 ] 65 root - INFO - Starting data transformation
[ 2026-03-31 22:48:37,153 ] 48 root - INFO - Entered get_data_trnasformer_object method of Trnasformation class
[ 2026-03-31 22:48:37,153 ] 53 root - INFO - Initialise KNNImputer with {'missing_values': nan, 'n_neighbors': 3, 'weights': 'uniform'}
[ 2026-03-31 22:48:37,196 ] 46 root - INFO - Entered the save_object method of MainUtils class
[ 2026-03-31 22:48:37,196 ] 50 root - INFO - Exited the save_object method of MainUtils class
[ 2026-03-31 22:48:37,196 ] 46 root - INFO - Entered the save_object method of MainUtils class
[ 2026-03-31 22:48:37,208 ] 50 root - INFO - Exited the save_object method of MainUtils class
[ 2026-03-31 22:48:37,210 ] 42 root - INFO - data Transformation completed
[ 2026-03-31 22:48:37,210 ] 44 root - INFO - Model Training sstared
[ 2026-03-31 22:56:33,700 ] 46 root - INFO - Entered the save_object method of MainUtils class
[ 2026-03-31 22:56:33,776 ] 50 root - INFO - Exited the save_object method of MainUtils class
[ 2026-03-31 22:56:33,776 ] 46 root - INFO - Entered the save_object method of MainUtils class
[ 2026-03-31 22:56:33,827 ] 50 root - INFO - Exited the save_object method of MainUtils class
[ 2026-03-31 22:56:33,827 ] 158 root - INFO - Model trainer artifact: ModelTrainerArtifact(trained_model_file_path='Artifacts\\03_31_2026_22_47_56\\model_trainer\\trained_model\\model.pkl', train_metric_artifact=ClassificationMetricArtifact(f1_score=0.9910768606773473, precision_score=0.9892712550607288, recall_score=0.9928890694839496), test_metric_artifact=ClassificationMetricArtifact(f1_score=0.9735364875701684, precision_score=0.9642573471008737, recall_score=0.982995951417004))
[ 2026-03-31 22:56:33,833 ] 49 root - INFO - Model Training artifact created
